android_native/app/build/intermediates/manifest_merge_blame_file/debug/manifest-merger-blame-debug-report.txt
1<?xml version="1.0" encoding="utf-8"?>
2<manifest xmlns:android="http://schemas.android.com/apk/res/android"
3    package="com.example.myapplication"
4    android:versionCode="1"
5    android:versionName="1.0" >
6
7    <uses-sdk
8        android:minSdkVersion="27"
8-->src\main\AndroidManifest.xml
9        android:targetSdkVersion="32" />
9-->src\main\AndroidManifest.xml
10
11    <uses-permission android:name="android.permission.INTERNET" />
11-->src\main\AndroidManifest.xml:6:5-67
11-->src\main\AndroidManifest.xml:6:22-64
12    <uses-permission android:name="android.permission.ACCESS_NETWORK_STATE" />
12-->[com.google.android.gms:play-services-measurement-api:21.0.0] AndroidManifest.xml:23:5-79
12-->[com.google.android.gms:play-services-measurement-api:21.0.0] AndroidManifest.xml:23:22-76
13    <uses-permission android:name="android.permission.WAKE_LOCK" />
13-->[com.google.android.gms:play-services-measurement-api:21.0.0] AndroidManifest.xml:24:5-68
13-->[com.google.android.gms:play-services-measurement-api:21.0.0] AndroidManifest.xml:24:22-65
14    <uses-permission android:name="com.google.android.gms.permission.AD_ID" />
14-->[com.google.android.gms:play-services-measurement-api:21.0.0] AndroidManifest.xml:25:5-79
14-->[com.google.android.gms:play-services-measurement-api:21.0.0] AndroidManifest.xml:25:22-76
15    <uses-permission android:name="com.google.android.finsky.permission.BIND_GET_INSTALL_REFERRER_SERVICE" />
15-->[com.google.android.gms:play-services-measurement:21.0.0] AndroidManifest.xml:26:5-110
15-->[com.google.android.gms:play-services-measurement:21.0.0] AndroidManifest.xml:26:22-107
16
17    <application
17-->src\main\AndroidManifest.xml:8:5-33:19
18        android:allowBackup="true"
18-->src\main\AndroidManifest.xml:9:9-35
19        android:appComponentFactory="androidx.core.app.CoreComponentFactory"
19-->[androidx.core:core:1.5.0] AndroidManifest.xml:24:18-86
20        android:dataExtractionRules="@xml/data_extraction_rules"
20-->src\main\AndroidManifest.xml:10:9-65
21        android:debuggable="true"
22        android:extractNativeLibs="false"
23        android:fullBackupContent="@xml/backup_rules"
23-->src\main\AndroidManifest.xml:11:9-54
24        android:icon="@mipmap/ic_launcher"
24-->src\main\AndroidManifest.xml:12:9-43
25        android:label="@string/app_name"
25-->src\main\AndroidManifest.xml:13:9-41
26        android:roundIcon="@mipmap/ic_launcher_round"
26-->src\main\AndroidManifest.xml:14:9-54
27        android:supportsRtl="true"
27-->src\main\AndroidManifest.xml:15:9-35
28        android:testOnly="true"
29        android:theme="@style/Theme.MyApplication"
29-->src\main\AndroidManifest.xml:16:9-51
30        android:usesCleartextTraffic="true" >
30-->src\main\AndroidManifest.xml:17:9-44
31        <activity
31-->src\main\AndroidManifest.xml:19:9-29:20
32            android:name="com.example.myapplication.MainActivity"
32-->src\main\AndroidManifest.xml:20:13-41
33            android:exported="true"
33-->src\main\AndroidManifest.xml:21:13-36
34            android:label="@string/app_name"
34-->src\main\AndroidManifest.xml:22:13-45
35            android:theme="@style/Theme.MyApplication.NoActionBar" >
35-->src\main\AndroidManifest.xml:23:13-67
36            <intent-filter>
36-->src\main\AndroidManifest.xml:24:13-28:29
37                <action android:name="android.intent.action.MAIN" />
37-->src\main\AndroidManifest.xml:25:17-69
37-->src\main\AndroidManifest.xml:25:25-66
38
39                <category android:name="android.intent.category.LAUNCHER" />
39-->src\main\AndroidManifest.xml:27:17-77
39-->src\main\AndroidManifest.xml:27:27-74
40            </intent-filter>
41        </activity>
42        <activity android:name="com.example.myapplication.MainViewActivity" >
42-->src\main\AndroidManifest.xml:30:9-32:20
42-->src\main\AndroidManifest.xml:31:13-45
43        </activity>
44
45        <service
45-->[com.google.android.gms:play-services-measurement-api:21.0.0] AndroidManifest.xml:28:9-34:19
46            android:name="com.google.firebase.components.ComponentDiscoveryService"
46-->[com.google.android.gms:play-services-measurement-api:21.0.0] AndroidManifest.xml:29:13-84
47            android:directBootAware="true"
47-->[com.google.firebase:firebase-common:20.1.1] AndroidManifest.xml:35:13-43
48            android:exported="false" >
48-->[com.google.android.gms:play-services-measurement-api:21.0.0] AndroidManifest.xml:30:13-37
49            <meta-data
49-->[com.google.android.gms:play-services-measurement-api:21.0.0] AndroidManifest.xml:31:13-33:85
50                android:name="com.google.firebase.components:com.google.firebase.analytics.connector.internal.AnalyticsConnectorRegistrar"
50-->[com.google.android.gms:play-services-measurement-api:21.0.0] AndroidManifest.xml:32:17-139
51                android:value="com.google.firebase.components.ComponentRegistrar" />
51-->[com.google.android.gms:play-services-measurement-api:21.0.0] AndroidManifest.xml:33:17-82
52            <meta-data
52-->[com.google.firebase:firebase-installations:17.0.1] AndroidManifest.xml:18:13-20:85
53                android:name="com.google.firebase.components:com.google.firebase.installations.FirebaseInstallationsRegistrar"
53-->[com.google.firebase:firebase-installations:17.0.1] AndroidManifest.xml:19:17-127
54                android:value="com.google.firebase.components.ComponentRegistrar" />
54-->[com.google.firebase:firebase-installations:17.0.1] AndroidManifest.xml:20:17-82
55        </service>
56
57        <provider
57-->[com.google.firebase:firebase-common:20.1.1] AndroidManifest.xml:26:9-31:39
58            android:name="com.google.firebase.provider.FirebaseInitProvider"
58-->[com.google.firebase:firebase-common:20.1.1] AndroidManifest.xml:27:13-77
59            android:authorities="com.example.myapplication.firebaseinitprovider"
59-->[com.google.firebase:firebase-common:20.1.1] AndroidManifest.xml:28:13-72
60            android:directBootAware="true"
60-->[com.google.firebase:firebase-common:20.1.1] AndroidManifest.xml:29:13-43
61            android:exported="false"
61-->[com.google.firebase:firebase-common:20.1.1] AndroidManifest.xml:30:13-37
62            android:initOrder="100" />
62-->[com.google.firebase:firebase-common:20.1.1] AndroidManifest.xml:31:13-36
63
64        <receiver
64-->[com.google.android.gms:play-services-measurement:21.0.0] AndroidManifest.xml:29:9-33:20
65            android:name="com.google.android.gms.measurement.AppMeasurementReceiver"
65-->[com.google.android.gms:play-services-measurement:21.0.0] AndroidManifest.xml:30:13-85
66            android:enabled="true"
66-->[com.google.android.gms:play-services-measurement:21.0.0] AndroidManifest.xml:31:13-35
67            android:exported="false" >
67-->[com.google.android.gms:play-services-measurement:21.0.0] AndroidManifest.xml:32:13-37
68        </receiver>
69
70        <service
70-->[com.google.android.gms:play-services-measurement:21.0.0] AndroidManifest.xml:35:9-38:40
71            android:name="com.google.android.gms.measurement.AppMeasurementService"
71-->[com.google.android.gms:play-services-measurement:21.0.0] AndroidManifest.xml:36:13-84
72            android:enabled="true"
72-->[com.google.android.gms:play-services-measurement:21.0.0] AndroidManifest.xml:37:13-35
73            android:exported="false" />
73-->[com.google.android.gms:play-services-measurement:21.0.0] AndroidManifest.xml:38:13-37
74        <service
74-->[com.google.android.gms:play-services-measurement:21.0.0] AndroidManifest.xml:39:9-43:72
75            android:name="com.google.android.gms.measurement.AppMeasurementJobService"
75-->[com.google.android.gms:play-services-measurement:21.0.0] AndroidManifest.xml:40:13-87
76            android:enabled="true"
76-->[com.google.android.gms:play-services-measurement:21.0.0] AndroidManifest.xml:41:13-35
77            android:exported="false"
77-->[com.google.android.gms:play-services-measurement:21.0.0] AndroidManifest.xml:42:13-37
78            android:permission="android.permission.BIND_JOB_SERVICE" />
78-->[com.google.android.gms:play-services-measurement:21.0.0] AndroidManifest.xml:43:13-69
79
80        <meta-data
80-->[com.google.android.gms:play-services-basement:18.0.0] AndroidManifest.xml:21:9-23:69
81            android:name="com.google.android.gms.version"
81-->[com.google.android.gms:play-services-basement:18.0.0] AndroidManifest.xml:22:13-58
82            android:value="@integer/google_play_services_version" />
82-->[com.google.android.gms:play-services-basement:18.0.0] AndroidManifest.xml:23:13-66
83    </application>
84
85</manifest>